<?xml version="1.0" encoding="UTF-8"?>
<!-- Generated by org.testng.reporters.JUnitReportReporter -->
<testsuite hostname="LAPTOP-CQL946G0" failures="0" tests="3" name="testng.DataProdiverDemo" time="22.415" errors="0" timestamp="2024-07-22T15:06:23 IST" skipped="0">
  <testcase classname="testng.DataProdiverDemo" name="loginOperation" time="7.438"/>
  <system-out/>
  <testcase classname="testng.DataProdiverDemo" name="loginOperation" time="8.154"/>
  <system-out/>
  <testcase classname="testng.DataProdiverDemo" name="loginOperation" time="6.823"/>
  <system-out/>
</testsuite> <!-- testng.DataProdiverDemo -->
