<?xml version="1.0" encoding="UTF-8"?>
<!-- Generated by org.testng.reporters.JUnitReportReporter -->
<testsuite hostname="LAPTOP-CQL946G0" failures="0" tests="2" name="testng.TestNGAnnotations" time="5.026" errors="0" timestamp="2024-07-22T14:25:58 IST" skipped="0">
  <testcase classname="testng.TestNGAnnotations" name="gmailOperation" time="2.710"/>
  <system-out/>
  <testcase classname="testng.TestNGAnnotations" name="searchOperation" time="2.316"/>
  <system-out/>
</testsuite> <!-- testng.TestNGAnnotations -->
